{"/Users/yasarsoran/Documents/oceanbe/index.ts": {"path":"/Users/yasarsoran/Documents/oceanbe/index.ts","statementMap":{"0":{"start":{"line":1,"column":0},"end":{"line":1,"column":33}},"1":{"start":{"line":2,"column":0},"end":{"line":2,"column":30}},"2":{"start":{"line":3,"column":0},"end":{"line":3,"column":24}},"3":{"start":{"line":4,"column":0},"end":{"line":4,"column":28}},"4":{"start":{"line":5,"column":0},"end":{"line":5,"column":37}},"5":{"start":{"line":6,"column":20},"end":{"line":6,"column":42}},"6":{"start":{"line":8,"column":0},"end":{"line":8,"column":16}},"7":{"start":{"line":10,"column":13},"end":{"line":10,"column":61}},"8":{"start":{"line":11,"column":12},"end":{"line":11,"column":21}},"9":{"start":{"line":12,"column":0},"end":{"line":12,"column":18}},"10":{"start":{"line":13,"column":0},"end":{"line":13,"column":16}},"11":{"start":{"line":14,"column":0},"end":{"line":14,"column":24}},"12":{"start":{"line":15,"column":0},"end":{"line":15,"column":21}},"13":{"start":{"line":16,"column":0},"end":{"line":16,"column":23}},"14":{"start":{"line":18,"column":13},"end":{"line":20,"column":2}},"15":{"start":{"line":19,"column":2},"end":{"line":19,"column":52}},"16":{"start":{"line":22,"column":0},"end":{"line":22,"column":33}},"17":{"start":{"line":24,"column":0},"end":{"line":27,"column":null}},"18":{"start":{"line":25,"column":2},"end":{"line":25,"column":22}},"19":{"start":{"line":26,"column":2},"end":{"line":26,"column":43}},"20":{"start":{"line":26,"column":27},"end":{"line":26,"column":42}}},"fnMap":{"0":{"name":"(anonymous_7)","decl":{"start":{"line":18,"column":30},"end":{"line":18,"column":null}},"loc":{"start":{"line":18,"column":30},"end":{"line":20,"column":1}}},"1":{"name":"(anonymous_8)","decl":{"start":{"line":26,"column":21},"end":{"line":26,"column":27}},"loc":{"start":{"line":26,"column":21},"end":{"line":26,"column":33}}}},"branchMap":{"0":{"loc":{"start":{"line":10,"column":13},"end":{"line":10,"column":53}},"type":"binary-expr","locations":[{"start":{"line":10,"column":13},"end":{"line":10,"column":53}},{"start":{"line":10,"column":57},"end":{"line":10,"column":61}}]},"1":{"loc":{"start":{"line":24,"column":0},"end":{"line":27,"column":null}},"type":"if","locations":[{"start":{"line":24,"column":0},"end":{"line":27,"column":null}},{"start":{"line":24,"column":0},"end":{"line":27,"column":null}}]}},"s":{"0":1,"1":1,"2":1,"3":1,"4":1,"5":1,"6":1,"7":1,"8":1,"9":1,"10":1,"11":1,"12":1,"13":1,"14":1,"15":0,"16":1,"17":1,"18":0,"19":0,"20":0},"f":{"0":0,"1":0},"b":{"0":[1,0],"1":[0,1]}}
,"/Users/yasarsoran/Documents/oceanbe/controllers/appController.ts": {"path":"/Users/yasarsoran/Documents/oceanbe/controllers/appController.ts","statementMap":{"0":{"start":{"line":1,"column":11},"end":{"line":1,"column":24}},"1":{"start":{"line":5,"column":0},"end":{"line":5,"column":51}},"2":{"start":{"line":6,"column":0},"end":{"line":6,"column":45}},"3":{"start":{"line":9,"column":0},"end":{"line":11,"column":5}},"4":{"start":{"line":9,"column":1},"end":{"line":11,"column":2}},"5":{"start":{"line":10,"column":14},"end":{"line":10,"column":32}},"6":{"start":{"line":10,"column":2},"end":{"line":10,"column":32}},"7":{"start":{"line":13,"column":17},"end":{"line":22,"column":1}},"8":{"start":{"line":14,"column":13},"end":{"line":14,"column":24}},"9":{"start":{"line":15,"column":2},"end":{"line":20,"column":5}},"10":{"start":{"line":16,"column":4},"end":{"line":19,"column":null}},"11":{"start":{"line":17,"column":6},"end":{"line":17,"column":18}},"12":{"start":{"line":18,"column":6},"end":{"line":18,"column":13}},"13":{"start":{"line":21,"column":2},"end":{"line":21,"column":14}},"14":{"start":{"line":24,"column":17},"end":{"line":45,"column":1}},"15":{"start":{"line":25,"column":2},"end":{"line":44,"column":null}},"16":{"start":{"line":26,"column":26},"end":{"line":26,"column":68}},"17":{"start":{"line":27,"column":42},"end":{"line":27,"column":61}},"18":{"start":{"line":28,"column":4},"end":{"line":28,"column":51}},"19":{"start":{"line":29,"column":23},"end":{"line":29,"column":53}},"20":{"start":{"line":30,"column":23},"end":{"line":36,"column":null}},"21":{"start":{"line":38,"column":4},"end":{"line":38,"column":70}},"22":{"start":{"line":40,"column":4},"end":{"line":43,"column":7}},"23":{"start":{"line":55,"column":9},"end":{"line":55,"column":17}},"24":{"start":{"line":47,"column":17},"end":{"line":53,"column":2}},"25":{"start":{"line":47,"column":51},"end":{"line":53,"column":2}},"26":{"start":{"line":48,"column":2},"end":{"line":52,"column":null}},"27":{"start":{"line":49,"column":4},"end":{"line":49,"column":24}},"28":{"start":{"line":51,"column":4},"end":{"line":51,"column":40}},"29":{"start":{"line":55,"column":19},"end":{"line":55,"column":27}}},"fnMap":{"0":{"name":"(anonymous_13)","decl":{"start":{"line":9,"column":1},"end":{"line":9,"column":null}},"loc":{"start":{"line":9,"column":1},"end":{"line":11,"column":2}}},"1":{"name":"(anonymous_16)","decl":{"start":{"line":13,"column":17},"end":{"line":13,"column":18}},"loc":{"start":{"line":13,"column":30},"end":{"line":22,"column":1}}},"2":{"name":"(anonymous_17)","decl":{"start":{"line":15,"column":20},"end":{"line":15,"column":21}},"loc":{"start":{"line":15,"column":32},"end":{"line":20,"column":3}}},"3":{"name":"(anonymous_18)","decl":{"start":{"line":24,"column":17},"end":{"line":24,"column":18}},"loc":{"start":{"line":24,"column":45},"end":{"line":45,"column":1}}},"4":{"name":"(anonymous_19)","decl":{"start":{"line":47,"column":17},"end":{"line":47,"column":24}},"loc":{"start":{"line":47,"column":51},"end":{"line":53,"column":2}}},"5":{"name":"(anonymous_20)","decl":{"start":{"line":47,"column":51},"end":{"line":47,"column":null}},"loc":{"start":{"line":47,"column":51},"end":{"line":53,"column":2}}}},"branchMap":{"0":{"loc":{"start":{"line":10,"column":14},"end":{"line":10,"column":32}},"type":"switch","locations":[{"start":{"line":10,"column":14},"end":{"line":10,"column":32}}]},"1":{"loc":{"start":{"line":16,"column":4},"end":{"line":19,"column":null}},"type":"if","locations":[{"start":{"line":16,"column":4},"end":{"line":19,"column":null}},{"start":{"line":16,"column":4},"end":{"line":19,"column":null}}]}},"s":{"0":1,"1":1,"2":1,"3":1,"4":1,"5":1,"6":0,"7":1,"8":0,"9":0,"10":0,"11":0,"12":0,"13":0,"14":1,"15":0,"16":0,"17":0,"18":0,"19":0,"20":0,"21":0,"22":0,"23":1,"24":1,"25":1,"26":1,"27":1,"28":0,"29":1},"f":{"0":2,"1":0,"2":0,"3":0,"4":1,"5":1},"b":{"0":[1],"1":[0,0]}}
,"/Users/yasarsoran/Documents/oceanbe/controllers/comparators/comparators.ts": {"path":"/Users/yasarsoran/Documents/oceanbe/controllers/comparators/comparators.ts","statementMap":{"0":{"start":{"line":1,"column":0},"end":{"line":1,"column":28}},"1":{"start":{"line":4,"column":20},"end":{"line":49,"column":1}},"2":{"start":{"line":5,"column":10},"end":{"line":5,"column":25}},"3":{"start":{"line":6,"column":10},"end":{"line":6,"column":25}},"4":{"start":{"line":7,"column":10},"end":{"line":7,"column":25}},"5":{"start":{"line":8,"column":11},"end":{"line":8,"column":27}},"6":{"start":{"line":9,"column":21},"end":{"line":9,"column":61}},"7":{"start":{"line":10,"column":24},"end":{"line":10,"column":33}},"8":{"start":{"line":11,"column":2},"end":{"line":37,"column":null}},"9":{"start":{"line":12,"column":4},"end":{"line":23,"column":6}},"10":{"start":{"line":25,"column":4},"end":{"line":36,"column":6}},"11":{"start":{"line":38,"column":17},"end":{"line":38,"column":22}},"12":{"start":{"line":39,"column":2},"end":{"line":48,"column":null}},"13":{"start":{"line":40,"column":4},"end":{"line":44,"column":77}},"14":{"start":{"line":45,"column":4},"end":{"line":45,"column":20}},"15":{"start":{"line":47,"column":4},"end":{"line":47,"column":20}},"16":{"start":{"line":101,"column":9},"end":{"line":101,"column":20}},"17":{"start":{"line":51,"column":20},"end":{"line":53,"column":1}},"18":{"start":{"line":52,"column":2},"end":{"line":52,"column":77}},"19":{"start":{"line":101,"column":22},"end":{"line":101,"column":33}},"20":{"start":{"line":55,"column":20},"end":{"line":67,"column":1}},"21":{"start":{"line":56,"column":13},"end":{"line":56,"column":53}},"22":{"start":{"line":57,"column":2},"end":{"line":66,"column":4}},"23":{"start":{"line":101,"column":35},"end":{"line":101,"column":46}},"24":{"start":{"line":69,"column":20},"end":{"line":71,"column":1}},"25":{"start":{"line":70,"column":2},"end":{"line":70,"column":40}},"26":{"start":{"line":101,"column":48},"end":{"line":101,"column":59}},"27":{"start":{"line":73,"column":24},"end":{"line":99,"column":1}},"28":{"start":{"line":80,"column":12},"end":{"line":80,"column":18}},"29":{"start":{"line":81,"column":14},"end":{"line":81,"column":35}},"30":{"start":{"line":82,"column":14},"end":{"line":82,"column":40}},"31":{"start":{"line":83,"column":16},"end":{"line":83,"column":29}},"32":{"start":{"line":84,"column":16},"end":{"line":84,"column":50}},"33":{"start":{"line":87,"column":4},"end":{"line":96,"column":null}},"34":{"start":{"line":98,"column":2},"end":{"line":98,"column":22}},"35":{"start":{"line":101,"column":61},"end":{"line":101,"column":76}}},"fnMap":{"0":{"name":"(anonymous_1)","decl":{"start":{"line":4,"column":20},"end":{"line":4,"column":21}},"loc":{"start":{"line":4,"column":68},"end":{"line":49,"column":1}}},"1":{"name":"(anonymous_2)","decl":{"start":{"line":51,"column":20},"end":{"line":51,"column":21}},"loc":{"start":{"line":51,"column":62},"end":{"line":53,"column":1}}},"2":{"name":"(anonymous_3)","decl":{"start":{"line":55,"column":20},"end":{"line":55,"column":21}},"loc":{"start":{"line":55,"column":50},"end":{"line":67,"column":1}}},"3":{"name":"(anonymous_4)","decl":{"start":{"line":69,"column":20},"end":{"line":69,"column":21}},"loc":{"start":{"line":69,"column":33},"end":{"line":71,"column":1}}},"4":{"name":"(anonymous_5)","decl":{"start":{"line":73,"column":24},"end":{"line":73,"column":null}},"loc":{"start":{"line":78,"column":18},"end":{"line":99,"column":1}}}},"branchMap":{"0":{"loc":{"start":{"line":11,"column":2},"end":{"line":37,"column":null}},"type":"if","locations":[{"start":{"line":11,"column":2},"end":{"line":37,"column":null}},{"start":{"line":11,"column":2},"end":{"line":37,"column":null}}]},"1":{"loc":{"start":{"line":13,"column":20},"end":{"line":13,"column":60}},"type":"cond-expr","locations":[{"start":{"line":13,"column":20},"end":{"line":13,"column":60}},{"start":{"line":13,"column":63},"end":{"line":13,"column":64}}]},"2":{"loc":{"start":{"line":15,"column":22},"end":{"line":15,"column":61}},"type":"cond-expr","locations":[{"start":{"line":15,"column":22},"end":{"line":15,"column":61}},{"start":{"line":15,"column":64},"end":{"line":15,"column":65}}]},"3":{"loc":{"start":{"line":19,"column":22},"end":{"line":19,"column":61}},"type":"cond-expr","locations":[{"start":{"line":19,"column":22},"end":{"line":19,"column":61}},{"start":{"line":19,"column":64},"end":{"line":19,"column":65}}]},"4":{"loc":{"start":{"line":21,"column":23},"end":{"line":21,"column":64}},"type":"cond-expr","locations":[{"start":{"line":21,"column":23},"end":{"line":21,"column":64}},{"start":{"line":21,"column":67},"end":{"line":21,"column":69}}]},"5":{"loc":{"start":{"line":26,"column":20},"end":{"line":26,"column":60}},"type":"cond-expr","locations":[{"start":{"line":26,"column":20},"end":{"line":26,"column":60}},{"start":{"line":26,"column":63},"end":{"line":26,"column":64}}]},"6":{"loc":{"start":{"line":28,"column":22},"end":{"line":28,"column":61}},"type":"cond-expr","locations":[{"start":{"line":28,"column":22},"end":{"line":28,"column":61}},{"start":{"line":28,"column":64},"end":{"line":28,"column":65}}]},"7":{"loc":{"start":{"line":32,"column":22},"end":{"line":32,"column":61}},"type":"cond-expr","locations":[{"start":{"line":32,"column":22},"end":{"line":32,"column":61}},{"start":{"line":32,"column":64},"end":{"line":32,"column":65}}]},"8":{"loc":{"start":{"line":34,"column":23},"end":{"line":34,"column":64}},"type":"cond-expr","locations":[{"start":{"line":34,"column":23},"end":{"line":34,"column":64}},{"start":{"line":34,"column":67},"end":{"line":34,"column":69}}]},"9":{"loc":{"start":{"line":41,"column":6},"end":{"line":42,"column":null}},"type":"binary-expr","locations":[{"start":{"line":41,"column":6},"end":{"line":42,"column":null}},{"start":{"line":44,"column":6},"end":{"line":44,"column":76}}]},"10":{"loc":{"start":{"line":52,"column":9},"end":{"line":52,"column":27}},"type":"binary-expr","locations":[{"start":{"line":52,"column":9},"end":{"line":52,"column":27}},{"start":{"line":52,"column":32},"end":{"line":52,"column":43}},{"start":{"line":52,"column":47},"end":{"line":52,"column":59}},{"start":{"line":52,"column":63},"end":{"line":52,"column":75}}]},"11":{"loc":{"start":{"line":58,"column":5},"end":{"line":58,"column":24}},"type":"binary-expr","locations":[{"start":{"line":58,"column":5},"end":{"line":58,"column":24}},{"start":{"line":59,"column":6},"end":{"line":59,"column":25}},{"start":{"line":60,"column":7},"end":{"line":60,"column":30}},{"start":{"line":60,"column":34},"end":{"line":60,"column":57}},{"start":{"line":61,"column":5},"end":{"line":61,"column":14}},{"start":{"line":62,"column":6},"end":{"line":62,"column":76}},{"start":{"line":63,"column":5},"end":{"line":63,"column":9}},{"start":{"line":64,"column":6},"end":{"line":64,"column":71}},{"start":{"line":65,"column":5},"end":{"line":65,"column":14}},{"start":{"line":65,"column":18},"end":{"line":65,"column":37}},{"start":{"line":65,"column":41},"end":{"line":65,"column":69}}]}},"s":{"0":2,"1":2,"2":2,"3":2,"4":2,"5":2,"6":2,"7":2,"8":2,"9":0,"10":2,"11":2,"12":2,"13":2,"14":2,"15":0,"16":2,"17":2,"18":0,"19":2,"20":2,"21":2,"22":2,"23":2,"24":2,"25":0,"26":2,"27":2,"28":0,"29":0,"30":0,"31":0,"32":0,"33":0,"34":0,"35":2},"f":{"0":2,"1":0,"2":2,"3":0,"4":0},"b":{"0":[0,2],"1":[0,0],"2":[0,0],"3":[0,0],"4":[0,0],"5":[0,2],"6":[0,2],"7":[0,2],"8":[0,2],"9":[2,2],"10":[0,0,0,0],"11":[2,2,0,0,2,2,1,1,1,1,1]}}
,"/Users/yasarsoran/Documents/oceanbe/controllers/comparators/filter.ts": {"path":"/Users/yasarsoran/Documents/oceanbe/controllers/comparators/filter.ts","statementMap":{"0":{"start":{"line":1,"column":0},"end":{"line":1,"column":56}},"1":{"start":{"line":2,"column":0},"end":{"line":2,"column":null}},"2":{"start":{"line":13,"column":31},"end":{"line":27,"column":1}},"3":{"start":{"line":20,"column":4},"end":{"line":24,"column":76}},"4":{"start":{"line":26,"column":2},"end":{"line":26,"column":16}},"5":{"start":{"line":29,"column":34},"end":{"line":40,"column":1}},"6":{"start":{"line":36,"column":4},"end":{"line":38,"column":40}},"7":{"start":{"line":39,"column":2},"end":{"line":39,"column":16}},"8":{"start":{"line":42,"column":27},"end":{"line":65,"column":1}},"9":{"start":{"line":50,"column":42},"end":{"line":50,"column":44}},"10":{"start":{"line":52,"column":33},"end":{"line":52,"column":71}},"11":{"start":{"line":52,"column":18},"end":{"line":52,"column":20}},"12":{"start":{"line":52,"column":28},"end":{"line":52,"column":33}},"13":{"start":{"line":53,"column":2},"end":{"line":62,"column":6}},"14":{"start":{"line":55,"column":6},"end":{"line":55,"column":null}},"15":{"start":{"line":59,"column":8},"end":{"line":61,"column":null}},"16":{"start":{"line":64,"column":2},"end":{"line":64,"column":20}},"17":{"start":{"line":42,"column":13},"end":{"line":42,"column":27}}},"fnMap":{"0":{"name":"(anonymous_0)","decl":{"start":{"line":13,"column":31},"end":{"line":13,"column":null}},"loc":{"start":{"line":17,"column":14},"end":{"line":27,"column":1}}},"1":{"name":"(anonymous_1)","decl":{"start":{"line":29,"column":34},"end":{"line":29,"column":null}},"loc":{"start":{"line":33,"column":21},"end":{"line":40,"column":1}}},"2":{"name":"(anonymous_2)","decl":{"start":{"line":42,"column":27},"end":{"line":42,"column":null}},"loc":{"start":{"line":48,"column":29},"end":{"line":65,"column":1}}},"3":{"name":"(anonymous_3)","decl":{"start":{"line":54,"column":12},"end":{"line":54,"column":13}},"loc":{"start":{"line":54,"column":33},"end":{"line":55,"column":17}}},"4":{"name":"(anonymous_4)","decl":{"start":{"line":58,"column":6},"end":{"line":58,"column":7}},"loc":{"start":{"line":58,"column":27},"end":{"line":59,"column":19}}}},"branchMap":{"0":{"loc":{"start":{"line":20,"column":4},"end":{"line":20,"column":22}},"type":"binary-expr","locations":[{"start":{"line":20,"column":4},"end":{"line":20,"column":22}},{"start":{"line":21,"column":4},"end":{"line":21,"column":22}},{"start":{"line":22,"column":4},"end":{"line":22,"column":17}},{"start":{"line":23,"column":4},"end":{"line":23,"column":18}},{"start":{"line":24,"column":4},"end":{"line":24,"column":76}}]},"1":{"loc":{"start":{"line":36,"column":4},"end":{"line":36,"column":20}},"type":"binary-expr","locations":[{"start":{"line":36,"column":4},"end":{"line":36,"column":20}},{"start":{"line":37,"column":4},"end":{"line":37,"column":45}},{"start":{"line":38,"column":4},"end":{"line":38,"column":40}}]},"2":{"loc":{"start":{"line":59,"column":8},"end":{"line":59,"column":30}},"type":"binary-expr","locations":[{"start":{"line":59,"column":8},"end":{"line":59,"column":30}},{"start":{"line":60,"column":9},"end":{"line":60,"column":74}},{"start":{"line":61,"column":10},"end":{"line":61,"column":64}}]}},"s":{"0":1,"1":1,"2":1,"3":0,"4":0,"5":1,"6":0,"7":0,"8":1,"9":0,"10":0,"11":0,"12":0,"13":0,"14":0,"15":0,"16":0,"17":1},"f":{"0":0,"1":0,"2":0,"3":0,"4":0},"b":{"0":[0,0,0,0,0],"1":[0,0,0],"2":[0,0,0]}}
,"/Users/yasarsoran/Documents/oceanbe/controllers/util/fillPorts.ts": {"path":"/Users/yasarsoran/Documents/oceanbe/controllers/util/fillPorts.ts","statementMap":{"0":{"start":{"line":2,"column":20},"end":{"line":2,"column":39}},"1":{"start":{"line":3,"column":17},"end":{"line":3,"column":36}},"2":{"start":{"line":4,"column":13},"end":{"line":4,"column":65}},"3":{"start":{"line":6,"column":25},"end":{"line":37,"column":2}},"4":{"start":{"line":7,"column":8},"end":{"line":7,"column":37}},"5":{"start":{"line":9,"column":20},"end":{"line":9,"column":null}},"6":{"start":{"line":9,"column":10},"end":{"line":9,"column":null}},"7":{"start":{"line":11,"column":10},"end":{"line":11,"column":17}},"8":{"start":{"line":12,"column":14},"end":{"line":12,"column":43}},"9":{"start":{"line":13,"column":23},"end":{"line":13,"column":null}},"10":{"start":{"line":13,"column":14},"end":{"line":13,"column":null}},"11":{"start":{"line":14,"column":14},"end":{"line":17,"column":11}},"12":{"start":{"line":18,"column":33},"end":{"line":18,"column":null}},"13":{"start":{"line":18,"column":25},"end":{"line":18,"column":33}},"14":{"start":{"line":19,"column":16},"end":{"line":19,"column":42}},"15":{"start":{"line":20,"column":16},"end":{"line":20,"column":46}},"16":{"start":{"line":21,"column":10},"end":{"line":29,"column":null}},"17":{"start":{"line":22,"column":12},"end":{"line":28,"column":15}},"18":{"start":{"line":34,"column":4},"end":{"line":34,"column":21}},"19":{"start":{"line":36,"column":2},"end":{"line":36,"column":19}},"20":{"start":{"line":6,"column":13},"end":{"line":6,"column":25}}},"fnMap":{"0":{"name":"(anonymous_20)","decl":{"start":{"line":6,"column":25},"end":{"line":6,"column":null}},"loc":{"start":{"line":6,"column":25},"end":{"line":37,"column":2}}}},"branchMap":{"0":{"loc":{"start":{"line":36,"column":2},"end":{"line":36,"column":19}},"type":"switch","locations":[{"start":{"line":36,"column":2},"end":{"line":36,"column":19}}]},"1":{"loc":{"start":{"line":11,"column":10},"end":{"line":11,"column":17}},"type":"if","locations":[{"start":{"line":11,"column":10},"end":{"line":11,"column":17}},{"start":{"line":11,"column":10},"end":{"line":11,"column":17}}]},"2":{"loc":{"start":{"line":21,"column":10},"end":{"line":29,"column":null}},"type":"if","locations":[{"start":{"line":21,"column":10},"end":{"line":29,"column":null}},{"start":{"line":21,"column":10},"end":{"line":29,"column":null}}]}},"s":{"0":1,"1":1,"2":1,"3":2,"4":1,"5":1,"6":0,"7":0,"8":0,"9":0,"10":0,"11":0,"12":0,"13":0,"14":0,"15":0,"16":0,"17":0,"18":0,"19":0,"20":1},"f":{"0":2},"b":{"0":[0],"1":[0,0],"2":[0,0]}}
,"/Users/yasarsoran/Documents/oceanbe/controllers/util/util.ts": {"path":"/Users/yasarsoran/Documents/oceanbe/controllers/util/util.ts","statementMap":{"0":{"start":{"line":2,"column":40},"end":{"line":23,"column":1}},"1":{"start":{"line":3,"column":25},"end":{"line":3,"column":30}},"2":{"start":{"line":4,"column":25},"end":{"line":4,"column":30}},"3":{"start":{"line":5,"column":2},"end":{"line":21,"column":null}},"4":{"start":{"line":6,"column":26},"end":{"line":6,"column":58}},"5":{"start":{"line":7,"column":16},"end":{"line":7,"column":34}},"6":{"start":{"line":8,"column":17},"end":{"line":8,"column":35}},"7":{"start":{"line":9,"column":4},"end":{"line":13,"column":null}},"8":{"start":{"line":10,"column":6},"end":{"line":10,"column":80}},"9":{"start":{"line":11,"column":11},"end":{"line":13,"column":null}},"10":{"start":{"line":12,"column":6},"end":{"line":12,"column":80}},"11":{"start":{"line":14,"column":4},"end":{"line":20,"column":null}},"12":{"start":{"line":15,"column":6},"end":{"line":16,"column":73}},"13":{"start":{"line":17,"column":11},"end":{"line":20,"column":null}},"14":{"start":{"line":18,"column":6},"end":{"line":19,"column":73}},"15":{"start":{"line":22,"column":2},"end":{"line":22,"column":32}},"16":{"start":{"line":2,"column":13},"end":{"line":2,"column":40}}},"fnMap":{"0":{"name":"(anonymous_0)","decl":{"start":{"line":2,"column":40},"end":{"line":2,"column":41}},"loc":{"start":{"line":2,"column":60},"end":{"line":23,"column":1}}}},"branchMap":{"0":{"loc":{"start":{"line":5,"column":2},"end":{"line":21,"column":null}},"type":"if","locations":[{"start":{"line":5,"column":2},"end":{"line":21,"column":null}},{"start":{"line":5,"column":2},"end":{"line":21,"column":null}}]},"1":{"loc":{"start":{"line":5,"column":6},"end":{"line":5,"column":27}},"type":"binary-expr","locations":[{"start":{"line":5,"column":6},"end":{"line":5,"column":27}},{"start":{"line":5,"column":31},"end":{"line":5,"column":74}}]},"2":{"loc":{"start":{"line":9,"column":4},"end":{"line":13,"column":null}},"type":"if","locations":[{"start":{"line":9,"column":4},"end":{"line":13,"column":null}},{"start":{"line":9,"column":4},"end":{"line":13,"column":null}}]},"3":{"loc":{"start":{"line":11,"column":11},"end":{"line":13,"column":null}},"type":"if","locations":[{"start":{"line":11,"column":11},"end":{"line":13,"column":null}},{"start":{"line":11,"column":11},"end":{"line":13,"column":null}}]},"4":{"loc":{"start":{"line":14,"column":4},"end":{"line":20,"column":null}},"type":"if","locations":[{"start":{"line":14,"column":4},"end":{"line":20,"column":null}},{"start":{"line":14,"column":4},"end":{"line":20,"column":null}}]},"5":{"loc":{"start":{"line":17,"column":11},"end":{"line":20,"column":null}},"type":"if","locations":[{"start":{"line":17,"column":11},"end":{"line":20,"column":null}},{"start":{"line":17,"column":11},"end":{"line":20,"column":null}}]}},"s":{"0":1,"1":0,"2":0,"3":0,"4":0,"5":0,"6":0,"7":0,"8":0,"9":0,"10":0,"11":0,"12":0,"13":0,"14":0,"15":0,"16":1},"f":{"0":0},"b":{"0":[0,0],"1":[0,0],"2":[0,0],"3":[0,0],"4":[0,0],"5":[0,0]}}
,"/Users/yasarsoran/Documents/oceanbe/routes/routes.ts": {"path":"/Users/yasarsoran/Documents/oceanbe/routes/routes.ts","statementMap":{"0":{"start":{"line":1,"column":0},"end":{"line":1,"column":35}},"1":{"start":{"line":2,"column":0},"end":{"line":2,"column":66}},"2":{"start":{"line":3,"column":15},"end":{"line":3,"column":31}},"3":{"start":{"line":5,"column":0},"end":{"line":5,"column":34}},"4":{"start":{"line":6,"column":0},"end":{"line":6,"column":35}},"5":{"start":{"line":8,"column":0},"end":{"line":8,"column":22}}},"fnMap":{},"branchMap":{},"s":{"0":1,"1":1,"2":1,"3":1,"4":1,"5":1},"f":{},"b":{}}
}
