TN:
SF:index.ts
FN:18,(anonymous_7)
FN:26,(anonymous_8)
FNF:2
FNH:0
FNDA:0,(anonymous_7)
FNDA:0,(anonymous_8)
DA:1,1
DA:2,1
DA:3,1
DA:4,1
DA:5,1
DA:6,1
DA:8,1
DA:10,1
DA:11,1
DA:12,1
DA:13,1
DA:14,1
DA:15,1
DA:16,1
DA:18,1
DA:19,0
DA:22,1
DA:24,1
DA:25,0
DA:26,0
LF:20
LH:17
BRDA:10,0,0,1
BRDA:10,0,1,0
BRDA:24,1,0,0
BRDA:24,1,1,1
BRF:4
BRH:2
end_of_record
TN:
SF:controllers/appController.ts
FN:9,(anonymous_13)
FN:13,(anonymous_16)
FN:15,(anonymous_17)
FN:24,(anonymous_18)
FN:47,(anonymous_19)
FN:47,(anonymous_20)
FNF:6
FNH:3
FNDA:2,(anonymous_13)
FNDA:0,(anonymous_16)
FNDA:0,(anonymous_17)
FNDA:0,(anonymous_18)
FNDA:1,(anonymous_19)
FNDA:1,(anonymous_20)
DA:1,1
DA:5,1
DA:6,1
DA:9,1
DA:10,1
DA:13,1
DA:14,0
DA:15,0
DA:16,0
DA:17,0
DA:18,0
DA:21,0
DA:24,1
DA:25,0
DA:26,0
DA:27,0
DA:28,0
DA:29,0
DA:30,0
DA:38,0
DA:40,0
DA:47,1
DA:48,1
DA:49,1
DA:51,0
DA:55,1
LF:26
LH:11
BRDA:10,0,0,1
BRDA:16,1,0,0
BRDA:16,1,1,0
BRF:3
BRH:1
end_of_record
TN:
SF:controllers/comparators/comparators.ts
FN:4,(anonymous_1)
FN:51,(anonymous_2)
FN:55,(anonymous_3)
FN:69,(anonymous_4)
FN:73,(anonymous_5)
FNF:5
FNH:2
FNDA:2,(anonymous_1)
FNDA:0,(anonymous_2)
FNDA:2,(anonymous_3)
FNDA:0,(anonymous_4)
FNDA:0,(anonymous_5)
DA:1,2
DA:4,2
DA:5,2
DA:6,2
DA:7,2
DA:8,2
DA:9,2
DA:10,2
DA:11,2
DA:12,0
DA:25,2
DA:38,2
DA:39,2
DA:40,2
DA:45,2
DA:47,0
DA:51,2
DA:52,0
DA:55,2
DA:56,2
DA:57,2
DA:69,2
DA:70,0
DA:73,2
DA:80,0
DA:81,0
DA:82,0
DA:83,0
DA:84,0
DA:87,0
DA:98,0
DA:101,2
LF:32
LH:21
BRDA:11,0,0,0
BRDA:11,0,1,2
BRDA:13,1,0,0
BRDA:13,1,1,0
BRDA:15,2,0,0
BRDA:15,2,1,0
BRDA:19,3,0,0
BRDA:19,3,1,0
BRDA:21,4,0,0
BRDA:21,4,1,0
BRDA:26,5,0,0
BRDA:26,5,1,2
BRDA:28,6,0,0
BRDA:28,6,1,2
BRDA:32,7,0,0
BRDA:32,7,1,2
BRDA:34,8,0,0
BRDA:34,8,1,2
BRDA:41,9,0,2
BRDA:41,9,1,2
BRDA:52,10,0,0
BRDA:52,10,1,0
BRDA:52,10,2,0
BRDA:52,10,3,0
BRDA:58,11,0,2
BRDA:58,11,1,2
BRDA:58,11,2,0
BRDA:58,11,3,0
BRDA:58,11,4,2
BRDA:58,11,5,2
BRDA:58,11,6,1
BRDA:58,11,7,1
BRDA:58,11,8,1
BRDA:58,11,9,1
BRDA:58,11,10,1
BRF:35
BRH:16
end_of_record
TN:
SF:controllers/comparators/filter.ts
FN:13,(anonymous_0)
FN:29,(anonymous_1)
FN:42,(anonymous_2)
FN:54,(anonymous_3)
FN:58,(anonymous_4)
FNF:5
FNH:0
FNDA:0,(anonymous_0)
FNDA:0,(anonymous_1)
FNDA:0,(anonymous_2)
FNDA:0,(anonymous_3)
FNDA:0,(anonymous_4)
DA:1,1
DA:2,1
DA:13,1
DA:20,0
DA:26,0
DA:29,1
DA:36,0
DA:39,0
DA:42,1
DA:50,0
DA:52,0
DA:53,0
DA:55,0
DA:59,0
DA:64,0
LF:15
LH:5
BRDA:20,0,0,0
BRDA:20,0,1,0
BRDA:20,0,2,0
BRDA:20,0,3,0
BRDA:20,0,4,0
BRDA:36,1,0,0
BRDA:36,1,1,0
BRDA:36,1,2,0
BRDA:59,2,0,0
BRDA:59,2,1,0
BRDA:59,2,2,0
BRF:11
BRH:0
end_of_record
TN:
SF:controllers/util/fillPorts.ts
FN:6,(anonymous_20)
FNF:1
FNH:1
FNDA:2,(anonymous_20)
DA:2,1
DA:3,1
DA:4,1
DA:6,2
DA:7,1
DA:9,1
DA:11,0
DA:12,0
DA:13,0
DA:14,0
DA:18,0
DA:19,0
DA:20,0
DA:21,0
DA:22,0
DA:34,0
DA:36,0
LF:17
LH:6
BRDA:36,0,0,0
BRDA:11,1,0,0
BRDA:11,1,1,0
BRDA:21,2,0,0
BRDA:21,2,1,0
BRF:5
BRH:0
end_of_record
TN:
SF:controllers/util/util.ts
FN:2,(anonymous_0)
FNF:1
FNH:0
FNDA:0,(anonymous_0)
DA:2,1
DA:3,0
DA:4,0
DA:5,0
DA:6,0
DA:7,0
DA:8,0
DA:9,0
DA:10,0
DA:11,0
DA:12,0
DA:14,0
DA:15,0
DA:17,0
DA:18,0
DA:22,0
LF:16
LH:1
BRDA:5,0,0,0
BRDA:5,0,1,0
BRDA:5,1,0,0
BRDA:5,1,1,0
BRDA:9,2,0,0
BRDA:9,2,1,0
BRDA:11,3,0,0
BRDA:11,3,1,0
BRDA:14,4,0,0
BRDA:14,4,1,0
BRDA:17,5,0,0
BRDA:17,5,1,0
BRF:12
BRH:0
end_of_record
TN:
SF:routes/routes.ts
FNF:0
FNH:0
DA:1,1
DA:2,1
DA:3,1
DA:5,1
DA:6,1
DA:8,1
LF:6
LH:6
BRF:0
BRH:0
end_of_record
